#-----------------------------------------------------------
# Webtalk v2019.1 (64-bit)
# SW Build 2552052 on Fri May 24 14:49:42 MDT 2019
# 
# Start of session at: Tue Apr 13 16:39:21 2021
# Process ID: 16920
# Current directory: D:/MW/RTT/VVD/Z/Z1/RTT_RLB_Z7_BASE/RTT_PRO.sdk/webtalk
# Command line: wbtcv.exe -mode batch -source sdk_webtalk.tcl
# Log file: D:/MW/RTT/VVD/Z/Z1/RTT_RLB_Z7_BASE/RTT_PRO.sdk/webtalk/webtalk.log
# Journal file: D:/MW/RTT/VVD/Z/Z1/RTT_RLB_Z7_BASE/RTT_PRO.sdk/webtalk\webtalk.jou
#-----------------------------------------------------------
source sdk_webtalk.tcl
# webtalk_init -webtalk_dir D:\\MW\\RTT\\VVD\\Z\\Z1\\RTT_RLB_Z7_BASE\\RTT_PRO.sdk\\webtalk
# webtalk_register_client -client project
# webtalk_add_data -client project -key date_generated -value "2021-04-13 16:39:20" -context "software_version_and_target_device"
# webtalk_add_data -client project -key product_version -value "SDK v2019.1" -context "software_version_and_target_device"
# webtalk_add_data -client project -key build_version -value "2019.1" -context "software_version_and_target_device"
# webtalk_add_data -client project -key os_platform -value "amd64" -context "software_version_and_target_device"
# webtalk_add_data -client project -key registration_id -value "" -context "software_version_and_target_device"
# webtalk_add_data -client project -key tool_flow -value "SDK" -context "software_version_and_target_device"
# webtalk_add_data -client project -key beta -value "false" -context "software_version_and_target_device"
# webtalk_add_data -client project -key route_design -value "NA" -context "software_version_and_target_device"
# webtalk_add_data -client project -key target_family -value "NA" -context "software_version_and_target_device"
# webtalk_add_data -client project -key target_device -value "NA" -context "software_version_and_target_device"
# webtalk_add_data -client project -key target_package -value "NA" -context "software_version_and_target_device"
# webtalk_add_data -client project -key target_speed -value "NA" -context "software_version_and_target_device"
# webtalk_add_data -client project -key random_id -value "ee9291kuo38t4ka7uhgfdjh7k0" -context "software_version_and_target_device"
# webtalk_add_data -client project -key project_id -value "2019.1_9" -context "software_version_and_target_device"
# webtalk_add_data -client project -key project_iteration -value "9" -context "software_version_and_target_device"
# webtalk_add_data -client project -key os_name -value "Microsoft Windows 8 or later , 64-bit" -context "user_environment"
# webtalk_add_data -client project -key os_release -value "major release  (build 9200)" -context "user_environment"
# webtalk_add_data -client project -key cpu_name -value "Intel(R) Core(TM) i7-8750H CPU @ 2.20GHz" -context "user_environment"
# webtalk_add_data -client project -key cpu_speed -value "2208 MHz" -context "user_environment"
# webtalk_add_data -client project -key total_processors -value "1" -context "user_environment"
# webtalk_add_data -client project -key system_ram -value "17.024 GB" -context "user_environment"
# webtalk_register_client -client sdk
# webtalk_add_data -client sdk -key uid -value "1618323808328" -context "sdk\\\\hardware/1618323808328"
# webtalk_add_data -client sdk -key isZynq -value "true" -context "sdk\\\\hardware/1618323808328"
# webtalk_add_data -client sdk -key isZynqMP -value "false" -context "sdk\\\\hardware/1618323808328"
# webtalk_add_data -client sdk -key Processors -value "2" -context "sdk\\\\hardware/1618323808328"
# webtalk_add_data -client sdk -key VivadoVersion -value "2019.1" -context "sdk\\\\hardware/1618323808328"
# webtalk_add_data -client sdk -key Arch -value "zynq" -context "sdk\\\\hardware/1618323808328"
# webtalk_add_data -client sdk -key Device -value "7z015" -context "sdk\\\\hardware/1618323808328"
# webtalk_add_data -client sdk -key IsHandoff -value "true" -context "sdk\\\\hardware/1618323808328"
# webtalk_add_data -client sdk -key os -value "NA" -context "sdk\\\\hardware/1618323808328"
# webtalk_add_data -client sdk -key apptemplate -value "NA" -context "sdk\\\\hardware/1618323808328"
# webtalk_add_data -client sdk -key RecordType -value "HWCreation" -context "sdk\\\\hardware/1618323808328"
# webtalk_add_data -client sdk -key uid -value "1618323837883" -context "sdk\\\\bsp/1618323837883"
# webtalk_add_data -client sdk -key hwid -value "1618323808328" -context "sdk\\\\bsp/1618323837883"
# webtalk_add_data -client sdk -key os -value "standalone" -context "sdk\\\\bsp/1618323837883"
# webtalk_add_data -client sdk -key apptemplate -value "zynq_fsbl" -context "sdk\\\\bsp/1618323837883"
# webtalk_add_data -client sdk -key RecordType -value "BSPCreation" -context "sdk\\\\bsp/1618323837883"
# webtalk_add_data -client sdk -key uid -value "1618323844629" -context "sdk\\\\application/1618323844629"
# webtalk_add_data -client sdk -key hwid -value "1618323808328" -context "sdk\\\\application/1618323844629"
# webtalk_add_data -client sdk -key bspid -value "1618323837883" -context "sdk\\\\application/1618323844629"
# webtalk_add_data -client sdk -key newbsp -value "true" -context "sdk\\\\application/1618323844629"
# webtalk_add_data -client sdk -key os -value "standalone" -context "sdk\\\\application/1618323844629"
# webtalk_add_data -client sdk -key apptemplate -value "zynq_fsbl" -context "sdk\\\\application/1618323844629"
# webtalk_add_data -client sdk -key RecordType -value "APPCreation" -context "sdk\\\\application/1618323844629"
# webtalk_add_data -client sdk -key LangUsed -value "C" -context "sdk\\\\application/1618323844629"
# webtalk_add_data -client sdk -key Procused -value "ps7_cortexa9" -context "sdk\\\\application/1618323844629"
# webtalk_add_data -client sdk -key projSize -value "716.59765625" -context "sdk\\\\application/1618323844629"
# webtalk_add_data -client sdk -key uid -value "1618323947464" -context "sdk\\\\bsp/1618323947464"
# webtalk_add_data -client sdk -key hwid -value "1618323808328" -context "sdk\\\\bsp/1618323947464"
# webtalk_add_data -client sdk -key os -value "freertos10_xilinx" -context "sdk\\\\bsp/1618323947464"
# webtalk_add_data -client sdk -key apptemplate -value "empty_application" -context "sdk\\\\bsp/1618323947464"
# webtalk_add_data -client sdk -key RecordType -value "BSPCreation" -context "sdk\\\\bsp/1618323947464"
# webtalk_add_data -client sdk -key uid -value "1618323948791" -context "sdk\\\\application/1618323948791"
# webtalk_add_data -client sdk -key hwid -value "1618323808328" -context "sdk\\\\application/1618323948791"
# webtalk_add_data -client sdk -key bspid -value "1618323947464" -context "sdk\\\\application/1618323948791"
# webtalk_add_data -client sdk -key newbsp -value "true" -context "sdk\\\\application/1618323948791"
# webtalk_add_data -client sdk -key os -value "freertos10_xilinx" -context "sdk\\\\application/1618323948791"
# webtalk_add_data -client sdk -key apptemplate -value "empty_application" -context "sdk\\\\application/1618323948791"
# webtalk_add_data -client sdk -key RecordType -value "APPCreation" -context "sdk\\\\application/1618323948791"
# webtalk_add_data -client sdk -key LangUsed -value "C" -context "sdk\\\\application/1618323948791"
# webtalk_add_data -client sdk -key Procused -value "ps7_cortexa9" -context "sdk\\\\application/1618323948791"
# webtalk_add_data -client sdk -key projSize -value "933.65625" -context "sdk\\\\application/1618323948791"
# webtalk_add_data -client sdk -key uid -value "1618324273148" -context "sdk\\\\bsp/1618324273148"
# webtalk_add_data -client sdk -key hwid -value "1618323808328" -context "sdk\\\\bsp/1618324273148"
# webtalk_add_data -client sdk -key os -value "standalone" -context "sdk\\\\bsp/1618324273148"
# webtalk_add_data -client sdk -key apptemplate -value "lwip_tcp_perf_server" -context "sdk\\\\bsp/1618324273148"
# webtalk_add_data -client sdk -key RecordType -value "BSPCreation" -context "sdk\\\\bsp/1618324273148"
# webtalk_add_data -client sdk -key uid -value "1618324274675" -context "sdk\\\\application/1618324274675"
# webtalk_add_data -client sdk -key hwid -value "1618323808328" -context "sdk\\\\application/1618324274675"
# webtalk_add_data -client sdk -key bspid -value "1618324273148" -context "sdk\\\\application/1618324274675"
# webtalk_add_data -client sdk -key newbsp -value "true" -context "sdk\\\\application/1618324274675"
# webtalk_add_data -client sdk -key os -value "standalone" -context "sdk\\\\application/1618324274675"
# webtalk_add_data -client sdk -key apptemplate -value "lwip_tcp_perf_server" -context "sdk\\\\application/1618324274675"
# webtalk_add_data -client sdk -key RecordType -value "APPCreation" -context "sdk\\\\application/1618324274675"
# webtalk_add_data -client sdk -key LangUsed -value "C" -context "sdk\\\\application/1618324274675"
# webtalk_add_data -client sdk -key Procused -value "ps7_cortexa9" -context "sdk\\\\application/1618324274675"
# webtalk_add_data -client sdk -key projSize -value "1094.84375" -context "sdk\\\\application/1618324274675"
# webtalk_add_data -client sdk -key uid -value "NA" -context "sdk\\\\bsp/1618324760117"
# webtalk_add_data -client sdk -key RecordType -value "ToolUsage" -context "sdk\\\\bsp/1618324760117"
# webtalk_add_data -client sdk -key BootgenCount -value "1" -context "sdk\\\\bsp/1618324760117"
# webtalk_add_data -client sdk -key DebugCount -value "0" -context "sdk\\\\bsp/1618324760117"
# webtalk_add_data -client sdk -key PerfCount -value "0" -context "sdk\\\\bsp/1618324760117"
# webtalk_add_data -client sdk -key FlashCount -value "1" -context "sdk\\\\bsp/1618324760117"
# webtalk_add_data -client sdk -key CrossTriggCount -value "0" -context "sdk\\\\bsp/1618324760117"
# webtalk_add_data -client sdk -key QemuDebugCount -value "0" -context "sdk\\\\bsp/1618324760117"
# webtalk_transmit -clientid 2304076170 -regid "" -xml D:\\MW\\RTT\\VVD\\Z\\Z1\\RTT_RLB_Z7_BASE\\RTT_PRO.sdk\\webtalk\\usage_statistics_ext_sdk.xml -html D:\\MW\\RTT\\VVD\\Z\\Z1\\RTT_RLB_Z7_BASE\\RTT_PRO.sdk\\webtalk\\usage_statistics_ext_sdk.html -wdm D:\\MW\\RTT\\VVD\\Z\\Z1\\RTT_RLB_Z7_BASE\\RTT_PRO.sdk\\webtalk\\sdk_webtalk.wdm -intro "<H3>SDK Usage Report</H3><BR>"
# webtalk_terminate
INFO: [Common 17-206] Exiting Webtalk at Tue Apr 13 16:39:24 2021...
