
*** Running vivado
    with args -log add_s36_fclk_lat3.vds -m64 -product Vivado -mode batch -messageDb vivado.pb -notrace -source add_s36_fclk_lat3.tcl


****** Vivado v2019.1.3 (64-bit)
  **** SW Build 2644227 on Wed Sep  4 09:45:24 MDT 2019
  **** IP Build 2633630 on Wed Sep  4 12:30:14 MDT 2019
    ** Copyright 1986-2019 Xilinx, Inc. All Rights Reserved.

source add_s36_fclk_lat3.tcl -notrace
create_project: Time (s): cpu = 00:00:04 ; elapsed = 00:00:05 . Memory (MB): peak = 375.172 ; gain = 81.711
INFO: [IP_Flow 19-234] Refreshing IP repositories
INFO: [IP_Flow 19-1700] Loaded user IP repository 'd:/mw/rtt/vvd/zed/p0/repo/sm_alg_server'.
INFO: [IP_Flow 19-1700] Loaded user IP repository 'd:/MW/RTT/VVD/S/S_3/repo'.
WARNING: [IP_Flow 19-3656] If you move the project, the path for repository 'd:/MW/RTT/VVD/S/S_3/repo' may become invalid. A better location for the repository would be in a path adjacent to the project. (Current project location is 'd:/MW/RTT/VVD/S/S_3/repo/SM_alg_server/SM_alg_server.runs/add_s36_fclk_lat3_synth_1'.)
INFO: [IP_Flow 19-2313] Loaded Vivado IP repository 'C:/Eda_Tools/Xilinx/Vivado/2019.1/data/ip'.
WARNING: [IP_Flow 19-1663] Duplicate IP found for 'xilinx.com:user:SM_alg_server:1.0'. The one found in IP location 'd:/mw/rtt/vvd/zed/p0/repo/sm_alg_server' will take precedence over the same IP in location d:/MW/RTT/VVD/S/S_3/repo/SM_alg_server
update_ip_catalog: Time (s): cpu = 00:00:05 ; elapsed = 00:00:06 . Memory (MB): peak = 409.453 ; gain = 34.281
Command: synth_design -top add_s36_fclk_lat3 -part xc7s100fgga676-1 -mode out_of_context
Starting synth_design
Attempting to get a license for feature 'Synthesis' and/or device 'xc7s100'
INFO: [Common 17-349] Got license for feature 'Synthesis' and/or device 'xc7s100'
INFO: [Device 21-403] Loading part xc7s100fgga676-1
INFO: Launching helper process for spawning children vivado processes
INFO: Helper process launched with PID 57384 
---------------------------------------------------------------------------------
Starting RTL Elaboration : Time (s): cpu = 00:00:18 ; elapsed = 00:00:22 . Memory (MB): peak = 830.547 ; gain = 178.750
---------------------------------------------------------------------------------
INFO: [Synth 8-638] synthesizing module 'add_s36_fclk_lat3' [d:/MW/RTT/VVD/S/S_3/repo/SM_alg_server/SM_alg_server.srcs/sources_1/ip/add_s36_fclk_lat3/synth/add_s36_fclk_lat3.vhd:68]
	Parameter C_VERBOSITY bound to: 0 - type: integer 
	Parameter C_XDEVICEFAMILY bound to: spartan7 - type: string 
	Parameter C_IMPLEMENTATION bound to: 0 - type: integer 
	Parameter C_A_WIDTH bound to: 37 - type: integer 
	Parameter C_B_WIDTH bound to: 28 - type: integer 
	Parameter C_OUT_WIDTH bound to: 37 - type: integer 
	Parameter C_CE_OVERRIDES_SCLR bound to: 0 - type: integer 
	Parameter C_A_TYPE bound to: 0 - type: integer 
	Parameter C_B_TYPE bound to: 1 - type: integer 
	Parameter C_LATENCY bound to: 4 - type: integer 
	Parameter C_ADD_MODE bound to: 0 - type: integer 
	Parameter C_B_CONSTANT bound to: 1 - type: integer 
	Parameter C_B_VALUE bound to: 1011111010111100001000000000 - type: string 
	Parameter C_AINIT_VAL bound to: 0 - type: string 
	Parameter C_SINIT_VAL bound to: 0 - type: string 
	Parameter C_CE_OVERRIDES_BYPASS bound to: 1 - type: integer 
	Parameter C_BYPASS_LOW bound to: 0 - type: integer 
	Parameter C_SCLR_OVERRIDES_SSET bound to: 1 - type: integer 
	Parameter C_HAS_C_IN bound to: 0 - type: integer 
	Parameter C_HAS_C_OUT bound to: 0 - type: integer 
	Parameter C_BORROW_LOW bound to: 1 - type: integer 
	Parameter C_HAS_CE bound to: 0 - type: integer 
	Parameter C_HAS_BYPASS bound to: 0 - type: integer 
	Parameter C_HAS_SCLR bound to: 1 - type: integer 
	Parameter C_HAS_SSET bound to: 0 - type: integer 
	Parameter C_HAS_SINIT bound to: 0 - type: integer 
INFO: [Synth 8-3491] module 'c_addsub_v12_0_13' declared at 'd:/MW/RTT/VVD/S/S_3/repo/SM_alg_server/SM_alg_server.srcs/sources_1/ip/add_s36_fclk_lat3/hdl/c_addsub_v12_0_vh_rfs.vhd:7026' bound to instance 'U0' of component 'c_addsub_v12_0_13' [d:/MW/RTT/VVD/S/S_3/repo/SM_alg_server/SM_alg_server.srcs/sources_1/ip/add_s36_fclk_lat3/synth/add_s36_fclk_lat3.vhd:133]
INFO: [Synth 8-256] done synthesizing module 'add_s36_fclk_lat3' (7#1) [d:/MW/RTT/VVD/S/S_3/repo/SM_alg_server/SM_alg_server.srcs/sources_1/ip/add_s36_fclk_lat3/synth/add_s36_fclk_lat3.vhd:68]
WARNING: [Synth 8-3331] design c_reg_fd_v12_0_6_viv has unconnected port CE
WARNING: [Synth 8-3331] design c_reg_fd_v12_0_6_viv has unconnected port AINIT
WARNING: [Synth 8-3331] design c_reg_fd_v12_0_6_viv has unconnected port ACLR
WARNING: [Synth 8-3331] design c_reg_fd_v12_0_6_viv has unconnected port ASET
WARNING: [Synth 8-3331] design c_reg_fd_v12_0_6_viv has unconnected port SINIT
WARNING: [Synth 8-3331] design c_reg_fd_v12_0_6_viv has unconnected port SSET
WARNING: [Synth 8-3331] design c_reg_fd_v12_0_6_viv__parameterized4 has unconnected port CE
WARNING: [Synth 8-3331] design c_reg_fd_v12_0_6_viv__parameterized4 has unconnected port AINIT
WARNING: [Synth 8-3331] design c_reg_fd_v12_0_6_viv__parameterized4 has unconnected port ACLR
WARNING: [Synth 8-3331] design c_reg_fd_v12_0_6_viv__parameterized4 has unconnected port ASET
WARNING: [Synth 8-3331] design c_reg_fd_v12_0_6_viv__parameterized4 has unconnected port SINIT
WARNING: [Synth 8-3331] design c_reg_fd_v12_0_6_viv__parameterized4 has unconnected port SSET
WARNING: [Synth 8-3331] design c_addsub_v12_0_13_lut6_legacy__parameterized9 has unconnected port b[9]
WARNING: [Synth 8-3331] design c_addsub_v12_0_13_lut6_legacy__parameterized9 has unconnected port b[8]
WARNING: [Synth 8-3331] design c_addsub_v12_0_13_lut6_legacy__parameterized9 has unconnected port b[7]
WARNING: [Synth 8-3331] design c_addsub_v12_0_13_lut6_legacy__parameterized9 has unconnected port b[6]
WARNING: [Synth 8-3331] design c_addsub_v12_0_13_lut6_legacy__parameterized9 has unconnected port b[5]
WARNING: [Synth 8-3331] design c_addsub_v12_0_13_lut6_legacy__parameterized9 has unconnected port b[4]
WARNING: [Synth 8-3331] design c_addsub_v12_0_13_lut6_legacy__parameterized9 has unconnected port b[3]
WARNING: [Synth 8-3331] design c_addsub_v12_0_13_lut6_legacy__parameterized9 has unconnected port b[2]
WARNING: [Synth 8-3331] design c_addsub_v12_0_13_lut6_legacy__parameterized9 has unconnected port b[1]
WARNING: [Synth 8-3331] design c_addsub_v12_0_13_lut6_legacy__parameterized9 has unconnected port b[0]
WARNING: [Synth 8-3331] design c_addsub_v12_0_13_lut6_legacy__parameterized9 has unconnected port add
WARNING: [Synth 8-3331] design c_addsub_v12_0_13_lut6_legacy__parameterized9 has unconnected port ce
WARNING: [Synth 8-3331] design c_addsub_v12_0_13_lut6_legacy__parameterized9 has unconnected port bypass
WARNING: [Synth 8-3331] design c_addsub_v12_0_13_lut6_legacy__parameterized9 has unconnected port sset
WARNING: [Synth 8-3331] design c_addsub_v12_0_13_lut6_legacy__parameterized9 has unconnected port sinit
WARNING: [Synth 8-3331] design c_reg_fd_v12_0_6_viv__parameterized1 has unconnected port CE
WARNING: [Synth 8-3331] design c_reg_fd_v12_0_6_viv__parameterized1 has unconnected port AINIT
WARNING: [Synth 8-3331] design c_reg_fd_v12_0_6_viv__parameterized1 has unconnected port ACLR
WARNING: [Synth 8-3331] design c_reg_fd_v12_0_6_viv__parameterized1 has unconnected port ASET
WARNING: [Synth 8-3331] design c_reg_fd_v12_0_6_viv__parameterized1 has unconnected port SINIT
WARNING: [Synth 8-3331] design c_reg_fd_v12_0_6_viv__parameterized1 has unconnected port SSET
WARNING: [Synth 8-3331] design c_addsub_v12_0_13_lut6_legacy__parameterized7 has unconnected port b[8]
WARNING: [Synth 8-3331] design c_addsub_v12_0_13_lut6_legacy__parameterized7 has unconnected port b[7]
WARNING: [Synth 8-3331] design c_addsub_v12_0_13_lut6_legacy__parameterized7 has unconnected port b[6]
WARNING: [Synth 8-3331] design c_addsub_v12_0_13_lut6_legacy__parameterized7 has unconnected port b[5]
WARNING: [Synth 8-3331] design c_addsub_v12_0_13_lut6_legacy__parameterized7 has unconnected port b[4]
WARNING: [Synth 8-3331] design c_addsub_v12_0_13_lut6_legacy__parameterized7 has unconnected port b[3]
WARNING: [Synth 8-3331] design c_addsub_v12_0_13_lut6_legacy__parameterized7 has unconnected port b[2]
WARNING: [Synth 8-3331] design c_addsub_v12_0_13_lut6_legacy__parameterized7 has unconnected port b[1]
WARNING: [Synth 8-3331] design c_addsub_v12_0_13_lut6_legacy__parameterized7 has unconnected port b[0]
WARNING: [Synth 8-3331] design c_addsub_v12_0_13_lut6_legacy__parameterized7 has unconnected port add
WARNING: [Synth 8-3331] design c_addsub_v12_0_13_lut6_legacy__parameterized7 has unconnected port ce
WARNING: [Synth 8-3331] design c_addsub_v12_0_13_lut6_legacy__parameterized7 has unconnected port bypass
WARNING: [Synth 8-3331] design c_addsub_v12_0_13_lut6_legacy__parameterized7 has unconnected port sset
WARNING: [Synth 8-3331] design c_addsub_v12_0_13_lut6_legacy__parameterized7 has unconnected port sinit
WARNING: [Synth 8-3331] design c_addsub_v12_0_13_lut6_legacy__parameterized5 has unconnected port b[9]
WARNING: [Synth 8-3331] design c_addsub_v12_0_13_lut6_legacy__parameterized5 has unconnected port b[8]
WARNING: [Synth 8-3331] design c_addsub_v12_0_13_lut6_legacy__parameterized5 has unconnected port b[7]
WARNING: [Synth 8-3331] design c_addsub_v12_0_13_lut6_legacy__parameterized5 has unconnected port b[6]
WARNING: [Synth 8-3331] design c_addsub_v12_0_13_lut6_legacy__parameterized5 has unconnected port b[5]
WARNING: [Synth 8-3331] design c_addsub_v12_0_13_lut6_legacy__parameterized5 has unconnected port b[4]
WARNING: [Synth 8-3331] design c_addsub_v12_0_13_lut6_legacy__parameterized5 has unconnected port b[3]
WARNING: [Synth 8-3331] design c_addsub_v12_0_13_lut6_legacy__parameterized5 has unconnected port b[2]
WARNING: [Synth 8-3331] design c_addsub_v12_0_13_lut6_legacy__parameterized5 has unconnected port b[1]
WARNING: [Synth 8-3331] design c_addsub_v12_0_13_lut6_legacy__parameterized5 has unconnected port b[0]
WARNING: [Synth 8-3331] design c_addsub_v12_0_13_lut6_legacy__parameterized5 has unconnected port add
WARNING: [Synth 8-3331] design c_addsub_v12_0_13_lut6_legacy__parameterized5 has unconnected port c_in
WARNING: [Synth 8-3331] design c_addsub_v12_0_13_lut6_legacy__parameterized5 has unconnected port ce
WARNING: [Synth 8-3331] design c_addsub_v12_0_13_lut6_legacy__parameterized5 has unconnected port bypass
WARNING: [Synth 8-3331] design c_addsub_v12_0_13_lut6_legacy__parameterized5 has unconnected port sset
WARNING: [Synth 8-3331] design c_addsub_v12_0_13_lut6_legacy__parameterized5 has unconnected port sinit
WARNING: [Synth 8-3331] design c_addsub_v12_0_13_lut6_legacy__parameterized3 has unconnected port b[8]
WARNING: [Synth 8-3331] design c_addsub_v12_0_13_lut6_legacy__parameterized3 has unconnected port b[7]
WARNING: [Synth 8-3331] design c_addsub_v12_0_13_lut6_legacy__parameterized3 has unconnected port b[6]
WARNING: [Synth 8-3331] design c_addsub_v12_0_13_lut6_legacy__parameterized3 has unconnected port b[5]
WARNING: [Synth 8-3331] design c_addsub_v12_0_13_lut6_legacy__parameterized3 has unconnected port b[4]
WARNING: [Synth 8-3331] design c_addsub_v12_0_13_lut6_legacy__parameterized3 has unconnected port b[3]
WARNING: [Synth 8-3331] design c_addsub_v12_0_13_lut6_legacy__parameterized3 has unconnected port b[2]
WARNING: [Synth 8-3331] design c_addsub_v12_0_13_lut6_legacy__parameterized3 has unconnected port b[1]
WARNING: [Synth 8-3331] design c_addsub_v12_0_13_lut6_legacy__parameterized3 has unconnected port b[0]
WARNING: [Synth 8-3331] design c_addsub_v12_0_13_lut6_legacy__parameterized3 has unconnected port add
WARNING: [Synth 8-3331] design c_addsub_v12_0_13_lut6_legacy__parameterized3 has unconnected port c_in
WARNING: [Synth 8-3331] design c_addsub_v12_0_13_lut6_legacy__parameterized3 has unconnected port ce
WARNING: [Synth 8-3331] design c_addsub_v12_0_13_lut6_legacy__parameterized3 has unconnected port bypass
WARNING: [Synth 8-3331] design c_addsub_v12_0_13_lut6_legacy__parameterized3 has unconnected port sset
WARNING: [Synth 8-3331] design c_addsub_v12_0_13_lut6_legacy__parameterized3 has unconnected port sinit
WARNING: [Synth 8-3331] design c_addsub_v12_0_13_lut6_legacy__parameterized1 has unconnected port b[8]
WARNING: [Synth 8-3331] design c_addsub_v12_0_13_lut6_legacy__parameterized1 has unconnected port b[7]
WARNING: [Synth 8-3331] design c_addsub_v12_0_13_lut6_legacy__parameterized1 has unconnected port b[6]
WARNING: [Synth 8-3331] design c_addsub_v12_0_13_lut6_legacy__parameterized1 has unconnected port b[5]
WARNING: [Synth 8-3331] design c_addsub_v12_0_13_lut6_legacy__parameterized1 has unconnected port b[4]
WARNING: [Synth 8-3331] design c_addsub_v12_0_13_lut6_legacy__parameterized1 has unconnected port b[3]
WARNING: [Synth 8-3331] design c_addsub_v12_0_13_lut6_legacy__parameterized1 has unconnected port b[2]
WARNING: [Synth 8-3331] design c_addsub_v12_0_13_lut6_legacy__parameterized1 has unconnected port b[1]
WARNING: [Synth 8-3331] design c_addsub_v12_0_13_lut6_legacy__parameterized1 has unconnected port b[0]
WARNING: [Synth 8-3331] design c_addsub_v12_0_13_lut6_legacy__parameterized1 has unconnected port add
WARNING: [Synth 8-3331] design c_addsub_v12_0_13_lut6_legacy__parameterized1 has unconnected port c_in
WARNING: [Synth 8-3331] design c_addsub_v12_0_13_lut6_legacy__parameterized1 has unconnected port ce
WARNING: [Synth 8-3331] design c_addsub_v12_0_13_lut6_legacy__parameterized1 has unconnected port bypass
WARNING: [Synth 8-3331] design c_addsub_v12_0_13_lut6_legacy__parameterized1 has unconnected port sset
WARNING: [Synth 8-3331] design c_addsub_v12_0_13_lut6_legacy__parameterized1 has unconnected port sinit
WARNING: [Synth 8-3331] design c_addsub_v12_0_13_lut6_legacy has unconnected port b[8]
WARNING: [Synth 8-3331] design c_addsub_v12_0_13_lut6_legacy has unconnected port b[7]
WARNING: [Synth 8-3331] design c_addsub_v12_0_13_lut6_legacy has unconnected port b[6]
WARNING: [Synth 8-3331] design c_addsub_v12_0_13_lut6_legacy has unconnected port b[5]
WARNING: [Synth 8-3331] design c_addsub_v12_0_13_lut6_legacy has unconnected port b[4]
WARNING: [Synth 8-3331] design c_addsub_v12_0_13_lut6_legacy has unconnected port b[3]
WARNING: [Synth 8-3331] design c_addsub_v12_0_13_lut6_legacy has unconnected port b[2]
INFO: [Common 17-14] Message 'Synth 8-3331' appears 100 times and further instances of the messages will be disabled. Use the Tcl command set_msg_config to change the current settings.
---------------------------------------------------------------------------------
Finished RTL Elaboration : Time (s): cpu = 00:00:23 ; elapsed = 00:00:27 . Memory (MB): peak = 915.617 ; gain = 263.820
---------------------------------------------------------------------------------

Report Check Netlist: 
+------+------------------+-------+---------+-------+------------------+
|      |Item              |Errors |Warnings |Status |Description       |
+------+------------------+-------+---------+-------+------------------+
|1     |multi_driven_nets |      0|        0|Passed |Multi driven nets |
+------+------------------+-------+---------+-------+------------------+
---------------------------------------------------------------------------------
Start Handling Custom Attributes
---------------------------------------------------------------------------------
---------------------------------------------------------------------------------
Finished Handling Custom Attributes : Time (s): cpu = 00:00:23 ; elapsed = 00:00:27 . Memory (MB): peak = 915.617 ; gain = 263.820
---------------------------------------------------------------------------------
---------------------------------------------------------------------------------
Finished RTL Optimization Phase 1 : Time (s): cpu = 00:00:23 ; elapsed = 00:00:27 . Memory (MB): peak = 915.617 ; gain = 263.820
---------------------------------------------------------------------------------
INFO: [Netlist 29-17] Analyzing 129 Unisim elements for replacement
INFO: [Netlist 29-28] Unisim Transformation completed in 0 CPU seconds
INFO: [Project 1-570] Preparing netlist for logic optimization

Processing XDC Constraints
Initializing timing engine
Parsing XDC File [d:/MW/RTT/VVD/S/S_3/repo/SM_alg_server/SM_alg_server.srcs/sources_1/ip/add_s36_fclk_lat3/add_s36_fclk_lat3_ooc.xdc] for cell 'U0'
Finished Parsing XDC File [d:/MW/RTT/VVD/S/S_3/repo/SM_alg_server/SM_alg_server.srcs/sources_1/ip/add_s36_fclk_lat3/add_s36_fclk_lat3_ooc.xdc] for cell 'U0'
Parsing XDC File [D:/MW/RTT/VVD/S/S_3/repo/SM_alg_server/SM_alg_server.runs/add_s36_fclk_lat3_synth_1/dont_touch.xdc]
Finished Parsing XDC File [D:/MW/RTT/VVD/S/S_3/repo/SM_alg_server/SM_alg_server.runs/add_s36_fclk_lat3_synth_1/dont_touch.xdc]
Completed Processing XDC Constraints

Netlist sorting complete. Time (s): cpu = 00:00:00 ; elapsed = 00:00:00 . Memory (MB): peak = 1007.996 ; gain = 0.000
INFO: [Project 1-111] Unisim Transformation Summary:
No Unisim elements were transformed.

Constraint Validation Runtime : Time (s): cpu = 00:00:00 ; elapsed = 00:00:00.048 . Memory (MB): peak = 1019.098 ; gain = 11.102
---------------------------------------------------------------------------------
Finished Constraint Validation : Time (s): cpu = 00:00:31 ; elapsed = 00:00:37 . Memory (MB): peak = 1019.098 ; gain = 367.301
---------------------------------------------------------------------------------
---------------------------------------------------------------------------------
Start Loading Part and Timing Information
---------------------------------------------------------------------------------
Loading part: xc7s100fgga676-1
---------------------------------------------------------------------------------
Finished Loading Part and Timing Information : Time (s): cpu = 00:00:31 ; elapsed = 00:00:37 . Memory (MB): peak = 1019.098 ; gain = 367.301
---------------------------------------------------------------------------------
---------------------------------------------------------------------------------
Start Applying 'set_property' XDC Constraints
---------------------------------------------------------------------------------
Applied set_property DONT_TOUCH = true for U0. (constraint file  D:/MW/RTT/VVD/S/S_3/repo/SM_alg_server/SM_alg_server.runs/add_s36_fclk_lat3_synth_1/dont_touch.xdc, line 9).
---------------------------------------------------------------------------------
Finished applying 'set_property' XDC Constraints : Time (s): cpu = 00:00:31 ; elapsed = 00:00:37 . Memory (MB): peak = 1019.098 ; gain = 367.301
---------------------------------------------------------------------------------
---------------------------------------------------------------------------------
Finished RTL Optimization Phase 2 : Time (s): cpu = 00:00:32 ; elapsed = 00:00:37 . Memory (MB): peak = 1019.098 ; gain = 367.301
---------------------------------------------------------------------------------

Report RTL Partitions: 
+-+--------------+------------+----------+
| |RTL Partition |Replication |Instances |
+-+--------------+------------+----------+
+-+--------------+------------+----------+
---------------------------------------------------------------------------------
Start RTL Component Statistics 
---------------------------------------------------------------------------------
---------------------------------------------------------------------------------
Finished RTL Component Statistics 
---------------------------------------------------------------------------------
---------------------------------------------------------------------------------
Start RTL Hierarchical Component Statistics 
---------------------------------------------------------------------------------
---------------------------------------------------------------------------------
Finished RTL Hierarchical Component Statistics
---------------------------------------------------------------------------------
---------------------------------------------------------------------------------
Start Part Resource Summary
---------------------------------------------------------------------------------
Part Resources:
DSPs: 160 (col length:80)
BRAMs: 240 (col length: RAMB18 80 RAMB36 40)
---------------------------------------------------------------------------------
Finished Part Resource Summary
---------------------------------------------------------------------------------
---------------------------------------------------------------------------------
Start Cross Boundary and Area Optimization
---------------------------------------------------------------------------------
Warning: Parallel synthesis criteria is not met 
---------------------------------------------------------------------------------
Finished Cross Boundary and Area Optimization : Time (s): cpu = 00:00:34 ; elapsed = 00:00:39 . Memory (MB): peak = 1019.098 ; gain = 367.301
---------------------------------------------------------------------------------

Report RTL Partitions: 
+-+--------------+------------+----------+
| |RTL Partition |Replication |Instances |
+-+--------------+------------+----------+
+-+--------------+------------+----------+
---------------------------------------------------------------------------------
Start Applying XDC Timing Constraints
---------------------------------------------------------------------------------
---------------------------------------------------------------------------------
Finished Applying XDC Timing Constraints : Time (s): cpu = 00:00:45 ; elapsed = 00:00:51 . Memory (MB): peak = 1019.098 ; gain = 367.301
---------------------------------------------------------------------------------
---------------------------------------------------------------------------------
Start Timing Optimization
---------------------------------------------------------------------------------
---------------------------------------------------------------------------------
Finished Timing Optimization : Time (s): cpu = 00:00:45 ; elapsed = 00:00:51 . Memory (MB): peak = 1019.098 ; gain = 367.301
---------------------------------------------------------------------------------

Report RTL Partitions: 
+-+--------------+------------+----------+
| |RTL Partition |Replication |Instances |
+-+--------------+------------+----------+
+-+--------------+------------+----------+
---------------------------------------------------------------------------------
Start Technology Mapping
---------------------------------------------------------------------------------
---------------------------------------------------------------------------------
Finished Technology Mapping : Time (s): cpu = 00:00:45 ; elapsed = 00:00:51 . Memory (MB): peak = 1019.098 ; gain = 367.301
---------------------------------------------------------------------------------

Report RTL Partitions: 
+-+--------------+------------+----------+
| |RTL Partition |Replication |Instances |
+-+--------------+------------+----------+
+-+--------------+------------+----------+
---------------------------------------------------------------------------------
Start IO Insertion
---------------------------------------------------------------------------------
---------------------------------------------------------------------------------
Start Flattening Before IO Insertion
---------------------------------------------------------------------------------
---------------------------------------------------------------------------------
Finished Flattening Before IO Insertion
---------------------------------------------------------------------------------
---------------------------------------------------------------------------------
Start Final Netlist Cleanup
---------------------------------------------------------------------------------
---------------------------------------------------------------------------------
Finished Final Netlist Cleanup
---------------------------------------------------------------------------------
---------------------------------------------------------------------------------
Finished IO Insertion : Time (s): cpu = 00:00:48 ; elapsed = 00:00:54 . Memory (MB): peak = 1019.098 ; gain = 367.301
---------------------------------------------------------------------------------

Report Check Netlist: 
+------+------------------+-------+---------+-------+------------------+
|      |Item              |Errors |Warnings |Status |Description       |
+------+------------------+-------+---------+-------+------------------+
|1     |multi_driven_nets |      0|        0|Passed |Multi driven nets |
+------+------------------+-------+---------+-------+------------------+
---------------------------------------------------------------------------------
Start Renaming Generated Instances
---------------------------------------------------------------------------------
---------------------------------------------------------------------------------
Finished Renaming Generated Instances : Time (s): cpu = 00:00:48 ; elapsed = 00:00:54 . Memory (MB): peak = 1019.098 ; gain = 367.301
---------------------------------------------------------------------------------

Report RTL Partitions: 
+-+--------------+------------+----------+
| |RTL Partition |Replication |Instances |
+-+--------------+------------+----------+
+-+--------------+------------+----------+
---------------------------------------------------------------------------------
Start Rebuilding User Hierarchy
---------------------------------------------------------------------------------
---------------------------------------------------------------------------------
Finished Rebuilding User Hierarchy : Time (s): cpu = 00:00:48 ; elapsed = 00:00:54 . Memory (MB): peak = 1019.098 ; gain = 367.301
---------------------------------------------------------------------------------
---------------------------------------------------------------------------------
Start Renaming Generated Ports
---------------------------------------------------------------------------------
---------------------------------------------------------------------------------
Finished Renaming Generated Ports : Time (s): cpu = 00:00:48 ; elapsed = 00:00:54 . Memory (MB): peak = 1019.098 ; gain = 367.301
---------------------------------------------------------------------------------
---------------------------------------------------------------------------------
Start Handling Custom Attributes
---------------------------------------------------------------------------------
---------------------------------------------------------------------------------
Finished Handling Custom Attributes : Time (s): cpu = 00:00:48 ; elapsed = 00:00:54 . Memory (MB): peak = 1019.098 ; gain = 367.301
---------------------------------------------------------------------------------
---------------------------------------------------------------------------------
Start Renaming Generated Nets
---------------------------------------------------------------------------------
---------------------------------------------------------------------------------
Finished Renaming Generated Nets : Time (s): cpu = 00:00:48 ; elapsed = 00:00:54 . Memory (MB): peak = 1019.098 ; gain = 367.301
---------------------------------------------------------------------------------
---------------------------------------------------------------------------------
Start Writing Synthesis Report
---------------------------------------------------------------------------------

Report BlackBoxes: 
+-+--------------+----------+
| |BlackBox name |Instances |
+-+--------------+----------+
+-+--------------+----------+

Report Cell Usage: 
+------+-------+------+
|      |Cell   |Count |
+------+-------+------+
|1     |LUT1   |    12|
|2     |LUT2   |    11|
|3     |MUXCY  |    63|
|4     |SRL16E |     9|
|5     |XORCY  |    65|
|6     |FDRE   |   139|
+------+-------+------+
---------------------------------------------------------------------------------
Finished Writing Synthesis Report : Time (s): cpu = 00:00:48 ; elapsed = 00:00:54 . Memory (MB): peak = 1019.098 ; gain = 367.301
---------------------------------------------------------------------------------
Synthesis finished with 0 errors, 0 critical warnings and 34 warnings.
Synthesis Optimization Runtime : Time (s): cpu = 00:00:22 ; elapsed = 00:00:50 . Memory (MB): peak = 1019.098 ; gain = 263.820
Synthesis Optimization Complete : Time (s): cpu = 00:00:48 ; elapsed = 00:00:54 . Memory (MB): peak = 1019.098 ; gain = 367.301
INFO: [Project 1-571] Translating synthesized netlist
INFO: [Netlist 29-17] Analyzing 128 Unisim elements for replacement
INFO: [Netlist 29-28] Unisim Transformation completed in 0 CPU seconds
INFO: [Project 1-570] Preparing netlist for logic optimization
INFO: [Opt 31-138] Pushed 0 inverter(s) to 0 load pin(s).
Netlist sorting complete. Time (s): cpu = 00:00:00 ; elapsed = 00:00:00.001 . Memory (MB): peak = 1021.629 ; gain = 0.000
INFO: [Project 1-111] Unisim Transformation Summary:
  A total of 21 instances were transformed.
  (MUXCY,XORCY) => CARRY4: 21 instances

INFO: [Common 17-83] Releasing license: Synthesis
21 Infos, 102 Warnings, 0 Critical Warnings and 0 Errors encountered.
synth_design completed successfully
synth_design: Time (s): cpu = 00:01:00 ; elapsed = 00:01:09 . Memory (MB): peak = 1021.629 ; gain = 612.176
Netlist sorting complete. Time (s): cpu = 00:00:00 ; elapsed = 00:00:00 . Memory (MB): peak = 1021.629 ; gain = 0.000
WARNING: [Constraints 18-5210] No constraints selected for write.
Resolution: This message can indicate that there are no constraints for the design, or it can indicate that the used_in flags are set such that the constraints are ignored. This later case is used when running synth_design to not write synthesis constraints to the resulting checkpoint. Instead, project constraints are read when the synthesized design is opened.
INFO: [Common 17-1381] The checkpoint 'D:/MW/RTT/VVD/S/S_3/repo/SM_alg_server/SM_alg_server.runs/add_s36_fclk_lat3_synth_1/add_s36_fclk_lat3.dcp' has been generated.
WARNING: [Common 17-576] 'use_project_ipc' is deprecated. This option is deprecated and no longer used.
INFO: [Coretcl 2-1648] Added synthesis output to IP cache for IP add_s36_fclk_lat3, cache-ID = 1625fdc144dcabe6
INFO: [Coretcl 2-1174] Renamed 38 cell refs.
Netlist sorting complete. Time (s): cpu = 00:00:00 ; elapsed = 00:00:00 . Memory (MB): peak = 1021.629 ; gain = 0.000
WARNING: [Constraints 18-5210] No constraints selected for write.
Resolution: This message can indicate that there are no constraints for the design, or it can indicate that the used_in flags are set such that the constraints are ignored. This later case is used when running synth_design to not write synthesis constraints to the resulting checkpoint. Instead, project constraints are read when the synthesized design is opened.
INFO: [Common 17-1381] The checkpoint 'D:/MW/RTT/VVD/S/S_3/repo/SM_alg_server/SM_alg_server.runs/add_s36_fclk_lat3_synth_1/add_s36_fclk_lat3.dcp' has been generated.
INFO: [runtcl-4] Executing : report_utilization -file add_s36_fclk_lat3_utilization_synth.rpt -pb add_s36_fclk_lat3_utilization_synth.pb
INFO: [Common 17-206] Exiting Vivado at Tue Oct 13 16:44:33 2020...
