Vivado Simulator 2018.3
Copyright 1986-1999, 2001-2018 Xilinx, Inc. All Rights Reserved.
Running: C:/Eda_Tools/Xilinx/Vivado/2018.3/bin/unwrapped/win64.o/xelab.exe -wto aceb55829cb6466dba2c3c099c45688e --incr --debug typical --relax --mt 2 -L xbip_utils_v3_0_9 -L axi_utils_v2_0_5 -L xbip_pipe_v3_0_5 -L xbip_dsp48_wrapper_v3_0_4 -L xbip_dsp48_addsub_v3_0_5 -L xbip_bram18k_v3_0_5 -L mult_gen_v12_0_14 -L floating_point_v7_0_15 -L xbip_dsp48_mult_v3_0_5 -L xbip_dsp48_multadd_v3_0_5 -L div_gen_v5_1_14 -L xil_defaultlib -L c_reg_fd_v12_0_5 -L xbip_addsub_v3_0_5 -L c_addsub_v12_0_12 -L fifo_generator_v13_2_3 -L unisims_ver -L unimacro_ver -L secureip -L xpm --snapshot SM_alg_server_TB_behav xil_defaultlib.SM_alg_server_TB xil_defaultlib.glbl -log elaborate.log 
Using 2 slave threads.
Starting static elaboration
Completed static elaboration
Starting simulation data flow analysis
Completed simulation data flow analysis
Time Resolution for simulation is 1ps
Compiling package std.standard
Compiling package std.textio
Compiling package ieee.std_logic_1164
Compiling package ieee.std_logic_arith
Compiling package ieee.std_logic_unsigned
Compiling package ieee.numeric_std
Compiling package unisim.vcomponents
Compiling package mult_gen_v12_0_14.mult_gen_v12_0_14_viv_comp
Compiling package xbip_utils_v3_0_9.xbip_utils_v3_0_9_pkg
Compiling package mult_gen_v12_0_14.mult_gen_v12_0_14_pkg
Compiling package ieee.std_logic_signed
Compiling package ieee.vital_timing
Compiling package ieee.vital_primitives
Compiling package unisim.vpkg
Compiling package mult_gen_v12_0_14.dsp_pkg
Compiling package c_addsub_v12_0_12.c_addsub_v12_0_12_viv_comp
Compiling package xbip_pipe_v3_0_5.xbip_pipe_v3_0_5_viv_comp
Compiling package xbip_addsub_v3_0_5.xbip_addsub_v3_0_5_viv_comp
Compiling package c_addsub_v12_0_12.c_addsub_v12_0_12_pkg
Compiling package c_addsub_v12_0_12.c_addsub_v12_0_12_pkg_legacy
Compiling package c_reg_fd_v12_0_5.c_reg_fd_v12_0_5_viv_comp
Compiling package div_gen_v5_1_14.div_gen_v5_1_14_viv_comp
Compiling package axi_utils_v2_0_5.axi_utils_v2_0_5_pkg
Compiling package ieee.math_real
Compiling package axi_utils_v2_0_5.global_util_pkg
Compiling package axi_utils_v2_0_5.axi_utils_comps
Compiling package xbip_bram18k_v3_0_5.xbip_bram18k_v3_0_5_pkg
Compiling package div_gen_v5_1_14.div_gen_pkg
Compiling package floating_point_v7_0_15.floating_point_v7_0_15_viv_comp
Compiling package floating_point_v7_0_15.floating_point_v7_0_15_consts
Compiling package floating_point_v7_0_15.floating_point_v7_0_15_exp_table...
Compiling package floating_point_v7_0_15.floating_point_v7_0_15_pkg
Compiling package floating_point_v7_0_15.flt_utils
Compiling package floating_point_v7_0_15.vt2mutils
Compiling package floating_point_v7_0_15.vt2mcomps
Compiling package xbip_dsp48_multadd_v3_0_5.xbip_dsp48_multadd_v3_0_5_viv_co...
Compiling package xbip_bram18k_v3_0_5.xbip_bram18k_hdl_pkg
Compiling package ieee.std_logic_textio
Compiling package xbip_dsp48_multadd_v3_0_5.xbip_dsp48_multadd_v3_0_5_pkg
Compiling package xbip_dsp48_addsub_v3_0_5.xbip_dsp48_addsub_v3_0_5_viv_com...
Compiling package xbip_dsp48_addsub_v3_0_5.xbip_dsp48_addsub_v3_0_5_pkg
Compiling package xbip_dsp48_wrapper_v3_0_4.xbip_dsp48_wrapper_v3_0_4_pkg
Compiling package vl.vl_types
Compiling module xil_defaultlib.glbl
Compiling architecture bhe of entity xil_defaultlib.SM_alg_server_tester [sm_alg_server_tester_default]
Compiling module fifo_generator_v13_2_3.fifo_generator_v13_2_3_bhv_ver_s...
Compiling module fifo_generator_v13_2_3.fifo_generator_v13_2_3_bhv_ver_p...
Compiling module fifo_generator_v13_2_3.fifo_generator_v13_2_3_CONV_VER(...
Compiling module fifo_generator_v13_2_3.fifo_generator_vlog_beh(C_COMMON...
Compiling module fifo_generator_v13_2_3.fifo_generator_v13_2_3(C_COMMON_...
Compiling module xil_defaultlib.SM_status_fifo
Compiling module fifo_generator_v13_2_3.fifo_generator_v13_2_3_bhv_ver_s...
Compiling module fifo_generator_v13_2_3.fifo_generator_v13_2_3_bhv_ver_p...
Compiling module fifo_generator_v13_2_3.fifo_generator_v13_2_3_CONV_VER(...
Compiling module fifo_generator_v13_2_3.fifo_generator_vlog_beh(C_COMMON...
Compiling module fifo_generator_v13_2_3.fifo_generator_v13_2_3(C_COMMON_...
Compiling module xil_defaultlib.SM_req_fifo
Compiling architecture xilinx of entity mult_gen_v12_0_14.ccm_dp_block_mem [\ccm_dp_block_mem(c_xdevicefamil...]
Compiling architecture xilinx of entity mult_gen_v12_0_14.ccm_syncmem [\ccm_syncmem(c_xdevicefamily="sp...]
Compiling architecture xilinx of entity mult_gen_v12_0_14.ccm_scaled_adder [\ccm_scaled_adder(a_width=28,b_w...]
Compiling architecture xilinx of entity mult_gen_v12_0_14.ccm_sp_block_mem [\ccm_sp_block_mem(c_xdevicefamil...]
Compiling architecture xilinx of entity mult_gen_v12_0_14.ccm_syncmem [\ccm_syncmem(c_xdevicefamily="sp...]
Compiling architecture xilinx of entity mult_gen_v12_0_14.delay_line [\delay_line(c_xdevicefamily="spa...]
Compiling architecture xilinx of entity mult_gen_v12_0_14.ccm_scaled_adder [\ccm_scaled_adder(a_width=38,b_w...]
Compiling architecture xilinx of entity mult_gen_v12_0_14.delay_line [\delay_line(c_xdevicefamily="spa...]
Compiling architecture xilinx of entity mult_gen_v12_0_14.ccm_operation [\ccm_operation(c_xdevicefamily="...]
Compiling architecture xilinx of entity mult_gen_v12_0_14.ccm [\ccm(c_xdevicefamily="spartan7",...]
Compiling architecture xilinx of entity mult_gen_v12_0_14.mult_gen_v12_0_14_viv [\mult_gen_v12_0_14_viv(c_verbosi...]
Compiling architecture xilinx of entity mult_gen_v12_0_14.mult_gen_v12_0_14 [\mult_gen_v12_0_14(c_xdevicefami...]
Compiling architecture mult_u22_fclk_arch of entity xil_defaultlib.mult_u22_fclk [mult_u22_fclk_default]
Compiling architecture xilinx of entity mult_gen_v12_0_14.delay_line [\delay_line(c_xdevicefamily="spa...]
Compiling architecture xilinx of entity mult_gen_v12_0_14.delay_line [\delay_line(c_xdevicefamily="spa...]
Compiling architecture dsp48e1_v of entity unisim.DSP48E1 [\DSP48E1(acascreg=2,areg=2,bcasc...]
Compiling architecture xilinx of entity mult_gen_v12_0_14.delay_line [\delay_line(c_xdevicefamily="spa...]
Compiling architecture xilinx of entity mult_gen_v12_0_14.op_resize [\op_resize(ai_width=22,bi_width=...]
Compiling architecture xilinx of entity mult_gen_v12_0_14.dsp [\dsp(c_xdevicefamily="spartan7",...]
Compiling architecture xilinx of entity mult_gen_v12_0_14.delay_line [\delay_line(c_xdevicefamily="spa...]
Compiling architecture xilinx of entity mult_gen_v12_0_14.delay_line [\delay_line(c_xdevicefamily="spa...]
Compiling architecture lut2_v of entity unisim.LUT2 [\LUT2(init="1000")(0,3)\]
Compiling architecture mult_and_v of entity unisim.MULT_AND [mult_and_default]
Compiling architecture muxcy_v of entity unisim.MUXCY [muxcy_default]
Compiling architecture xorcy_v of entity unisim.XORCY [xorcy_default]
Compiling architecture xilinx of entity mult_gen_v12_0_14.op_resize [\op_resize(ai_width=22,bi_width=...]
Compiling architecture xilinx of entity mult_gen_v12_0_14.luts [\luts(c_xdevicefamily="spartan7"...]
Compiling architecture xilinx of entity mult_gen_v12_0_14.delay_line [\delay_line(c_xdevicefamily="spa...]
Compiling architecture xilinx of entity mult_gen_v12_0_14.delay_line [\delay_line(c_xdevicefamily="spa...]
Compiling architecture xilinx of entity mult_gen_v12_0_14.delay_line [\delay_line(c_xdevicefamily="spa...]
Compiling architecture xilinx of entity mult_gen_v12_0_14.op_resize [\op_resize(ai_width=22,bi_width=...]
Compiling architecture xilinx of entity mult_gen_v12_0_14.delay_line [\delay_line(c_xdevicefamily="spa...]
Compiling architecture xilinx of entity mult_gen_v12_0_14.hybrid [\hybrid(c_xdevicefamily="spartan...]
Compiling architecture xilinx of entity mult_gen_v12_0_14.mult_gen_v12_0_14_viv [\mult_gen_v12_0_14_viv(c_verbosi...]
Compiling architecture xilinx of entity mult_gen_v12_0_14.mult_gen_v12_0_14 [\mult_gen_v12_0_14(c_optimize_go...]
Compiling architecture mult_u22_u22_arch of entity xil_defaultlib.mult_u22_u22 [mult_u22_u22_default]
Compiling architecture xilinx of entity mult_gen_v12_0_14.ccm_dp_block_mem [\ccm_dp_block_mem(c_xdevicefamil...]
Compiling architecture xilinx of entity mult_gen_v12_0_14.ccm_syncmem [\ccm_syncmem(c_xdevicefamily="sp...]
Compiling architecture xilinx of entity mult_gen_v12_0_14.ccm_scaled_adder [\ccm_scaled_adder(a_width=23,b_w...]
Compiling architecture xilinx of entity mult_gen_v12_0_14.ccm_sp_block_mem [\ccm_sp_block_mem(c_xdevicefamil...]
Compiling architecture xilinx of entity mult_gen_v12_0_14.ccm_syncmem [\ccm_syncmem(c_xdevicefamily="sp...]
Compiling architecture xilinx of entity mult_gen_v12_0_14.delay_line [\delay_line(c_xdevicefamily="spa...]
Compiling architecture xilinx of entity mult_gen_v12_0_14.ccm_scaled_adder [\ccm_scaled_adder(a_width=33,b_w...]
Compiling architecture xilinx of entity mult_gen_v12_0_14.delay_line [\delay_line(c_xdevicefamily="spa...]
Compiling architecture xilinx of entity mult_gen_v12_0_14.ccm_operation [\ccm_operation(c_xdevicefamily="...]
Compiling architecture xilinx of entity mult_gen_v12_0_14.ccm [\ccm(c_xdevicefamily="spartan7",...]
Compiling architecture xilinx of entity mult_gen_v12_0_14.mult_gen_v12_0_14_viv [\mult_gen_v12_0_14_viv(c_verbosi...]
Compiling architecture xilinx of entity mult_gen_v12_0_14.mult_gen_v12_0_14 [\mult_gen_v12_0_14(c_xdevicefami...]
Compiling architecture mult_s22_10995_arch of entity xil_defaultlib.mult_s22_10995 [mult_s22_10995_default]
Compiling architecture xilinx of entity mult_gen_v12_0_14.delay_line [\delay_line(c_xdevicefamily="spa...]
Compiling architecture xilinx of entity mult_gen_v12_0_14.delay_line [\delay_line(c_xdevicefamily="spa...]
Compiling architecture xilinx of entity mult_gen_v12_0_14.delay_line [\delay_line(c_xdevicefamily="spa...]
Compiling architecture xilinx of entity mult_gen_v12_0_14.delay_line [\delay_line(c_xdevicefamily="spa...]
Compiling architecture dsp48e1_v of entity unisim.DSP48E1 [\DSP48E1(a_input="CASCADE",bcasc...]
Compiling architecture dsp48e1_v of entity unisim.DSP48E1 [\DSP48E1(acascreg=2,areg=2,bcasc...]
Compiling architecture dsp48e1_v of entity unisim.DSP48E1 [\DSP48E1(acascreg=2,areg=2,a_inp...]
Compiling architecture xilinx of entity mult_gen_v12_0_14.op_resize [\op_resize(ai_width=41,bi_width=...]
Compiling architecture xilinx of entity mult_gen_v12_0_14.dsp [\dsp(c_xdevicefamily="spartan7",...]
Compiling architecture xilinx of entity mult_gen_v12_0_14.delay_line [\delay_line(c_xdevicefamily="spa...]
Compiling architecture xilinx of entity mult_gen_v12_0_14.delay_line [\delay_line(c_xdevicefamily="spa...]
Compiling architecture xilinx of entity mult_gen_v12_0_14.delay_line [\delay_line(c_xdevicefamily="spa...]
Compiling architecture xilinx of entity mult_gen_v12_0_14.delay_line [\delay_line(c_xdevicefamily="spa...]
Compiling architecture xilinx of entity mult_gen_v12_0_14.op_resize [\op_resize(ai_width=41,bi_width=...]
Compiling architecture xilinx of entity mult_gen_v12_0_14.luts [\luts(c_xdevicefamily="spartan7"...]
Compiling architecture xilinx of entity mult_gen_v12_0_14.op_resize [\op_resize(ai_width=2,bi_width=3...]
Compiling architecture xilinx of entity mult_gen_v12_0_14.luts [\luts(c_xdevicefamily="spartan7"...]
Compiling architecture xilinx of entity mult_gen_v12_0_14.delay_line [\delay_line(c_xdevicefamily="spa...]
Compiling architecture xilinx of entity mult_gen_v12_0_14.delay_line [\delay_line(c_xdevicefamily="spa...]
Compiling architecture xilinx of entity mult_gen_v12_0_14.delay_line [\delay_line(c_xdevicefamily="spa...]
Compiling architecture xilinx of entity mult_gen_v12_0_14.op_resize [\op_resize(ai_width=36,bi_width=...]
Compiling architecture xilinx of entity mult_gen_v12_0_14.delay_line [\delay_line(c_xdevicefamily="spa...]
Compiling architecture xilinx of entity mult_gen_v12_0_14.hybrid [\hybrid(c_xdevicefamily="spartan...]
Compiling architecture xilinx of entity mult_gen_v12_0_14.mult_gen_v12_0_14_viv [\mult_gen_v12_0_14_viv(c_verbosi...]
Compiling architecture xilinx of entity mult_gen_v12_0_14.mult_gen_v12_0_14 [\mult_gen_v12_0_14(c_optimize_go...]
Compiling architecture mult_s36_u43_lat7_arch of entity xil_defaultlib.mult_s36_u43_lat7 [mult_s36_u43_lat7_default]
Compiling architecture structural of entity c_reg_fd_v12_0_5.c_reg_fd_v12_0_5_viv [\c_reg_fd_v12_0_5_viv(c_sync_pri...]
Compiling architecture structural of entity c_reg_fd_v12_0_5.c_reg_fd_v12_0_5_viv [\c_reg_fd_v12_0_5_viv(c_width=9,...]
Compiling architecture rtl of entity c_addsub_v12_0_12.c_addsub_v12_0_12_lut6_legacy [\c_addsub_v12_0_12_lut6_legacy(c...]
Compiling architecture synth of entity c_addsub_v12_0_12.c_addsub_v12_0_12_fabric_legacy [\c_addsub_v12_0_12_fabric_legacy...]
Compiling architecture rtl of entity c_addsub_v12_0_12.c_addsub_v12_0_12_lut6_legacy [\c_addsub_v12_0_12_lut6_legacy(c...]
Compiling architecture synth of entity c_addsub_v12_0_12.c_addsub_v12_0_12_fabric_legacy [\c_addsub_v12_0_12_fabric_legacy...]
Compiling architecture rtl of entity c_addsub_v12_0_12.c_addsub_v12_0_12_lut6_legacy [\c_addsub_v12_0_12_lut6_legacy(c...]
Compiling architecture synth of entity c_addsub_v12_0_12.c_addsub_v12_0_12_fabric_legacy [\c_addsub_v12_0_12_fabric_legacy...]
Compiling architecture structural of entity c_reg_fd_v12_0_5.c_reg_fd_v12_0_5_viv [\c_reg_fd_v12_0_5_viv(c_width=10...]
Compiling architecture rtl of entity c_addsub_v12_0_12.c_addsub_v12_0_12_lut6_legacy [\c_addsub_v12_0_12_lut6_legacy(c...]
Compiling architecture synth of entity c_addsub_v12_0_12.c_addsub_v12_0_12_fabric_legacy [\c_addsub_v12_0_12_fabric_legacy...]
Compiling architecture rtl of entity c_addsub_v12_0_12.c_addsub_v12_0_12_lut6_legacy [\c_addsub_v12_0_12_lut6_legacy(c...]
Compiling architecture synth of entity c_addsub_v12_0_12.c_addsub_v12_0_12_fabric_legacy [\c_addsub_v12_0_12_fabric_legacy...]
Compiling architecture rtl of entity c_addsub_v12_0_12.c_addsub_v12_0_12_lut6_legacy [\c_addsub_v12_0_12_lut6_legacy(c...]
Compiling architecture synth of entity c_addsub_v12_0_12.c_addsub_v12_0_12_fabric_legacy [\c_addsub_v12_0_12_fabric_legacy...]
Compiling architecture synth of entity c_addsub_v12_0_12.c_addsub_v12_0_12_legacy [\c_addsub_v12_0_12_legacy(c_fami...]
Compiling architecture synth of entity c_addsub_v12_0_12.c_addsub_v12_0_12_viv [\c_addsub_v12_0_12_viv(c_xdevice...]
Compiling architecture xilinx of entity c_addsub_v12_0_12.c_addsub_v12_0_12 [\c_addsub_v12_0_12(c_xdevicefami...]
Compiling architecture add_s36_fclk_lat3_arch of entity xil_defaultlib.add_s36_fclk_lat3 [add_s36_fclk_lat3_default]
Compiling architecture synth of entity xbip_pipe_v3_0_5.xbip_pipe_v3_0_5_viv [\xbip_pipe_v3_0_5_viv(c_latency=...]
Compiling architecture xilinx of entity axi_utils_v2_0_5.axi_slave_2to1 [\axi_slave_2to1(c_a_tdata_width=...]
Compiling architecture synth of entity xbip_pipe_v3_0_5.xbip_pipe_v3_0_5_viv [\xbip_pipe_v3_0_5_viv(c_has_ce=1...]
Compiling architecture rtl of entity floating_point_v7_0_15.delay [\delay(length=0)\]
Compiling architecture synth of entity xbip_pipe_v3_0_5.xbip_pipe_v3_0_5_viv [\xbip_pipe_v3_0_5_viv(c_has_ce=1...]
Compiling architecture rtl of entity floating_point_v7_0_15.delay [\delay(width=36,length=0)\]
Compiling architecture synth of entity xbip_pipe_v3_0_5.xbip_pipe_v3_0_5_viv [\xbip_pipe_v3_0_5_viv(c_latency=...]
Compiling architecture rtl of entity floating_point_v7_0_15.delay [\delay(width=37)\]
Compiling architecture struct of entity floating_point_v7_0_15.carry_chain [\carry_chain(c_xdevicefamily="sp...]
Compiling architecture synth of entity xbip_pipe_v3_0_5.xbip_pipe_v3_0_5_viv [\xbip_pipe_v3_0_5_viv(c_has_ce=1...]
Compiling architecture rtl of entity floating_point_v7_0_15.delay [\delay(width=2,length=0,fast_inp...]
Compiling architecture struct of entity floating_point_v7_0_15.carry_chain [\carry_chain(c_xdevicefamily="sp...]
Compiling architecture synth of entity xbip_pipe_v3_0_5.xbip_pipe_v3_0_5_viv [\xbip_pipe_v3_0_5_viv(c_latency=...]
Compiling architecture rtl of entity floating_point_v7_0_15.delay [\delay(width=8,fast_input=true)\]
Compiling architecture rtl of entity floating_point_v7_0_15.mux4 [\mux4(c_xdevicefamily="spartan7"...]
Compiling architecture synth of entity xbip_pipe_v3_0_5.xbip_pipe_v3_0_5_viv [\xbip_pipe_v3_0_5_viv(c_latency=...]
Compiling architecture rtl of entity floating_point_v7_0_15.delay [\delay(width=4,fast_input=true)\]
Compiling architecture rtl of entity floating_point_v7_0_15.mux4 [\mux4(c_xdevicefamily="spartan7"...]
Compiling architecture synth of entity xbip_pipe_v3_0_5.xbip_pipe_v3_0_5_viv [\xbip_pipe_v3_0_5_viv(c_latency=...]
Compiling architecture rtl of entity floating_point_v7_0_15.delay [\delay(width=2,length=3)\]
Compiling architecture synth of entity xbip_pipe_v3_0_5.xbip_pipe_v3_0_5_viv [\xbip_pipe_v3_0_5_viv(c_latency=...]
Compiling architecture rtl of entity floating_point_v7_0_15.delay [\delay(width=2,fast_input=true)\]
Compiling architecture rtl of entity floating_point_v7_0_15.mux4 [\mux4(c_xdevicefamily="spartan7"...]
Compiling architecture synth of entity xbip_pipe_v3_0_5.xbip_pipe_v3_0_5_viv [\xbip_pipe_v3_0_5_viv(c_latency=...]
Compiling architecture rtl of entity floating_point_v7_0_15.delay [\delay(fast_input=true)\]
Compiling architecture rtl of entity floating_point_v7_0_15.mux4 [\mux4(c_xdevicefamily="spartan7"...]
Compiling architecture synth of entity xbip_pipe_v3_0_5.xbip_pipe_v3_0_5_viv [\xbip_pipe_v3_0_5_viv(c_latency=...]
Compiling architecture rtl of entity floating_point_v7_0_15.delay [\delay(width=2,length=2)\]
Compiling architecture synth of entity xbip_pipe_v3_0_5.xbip_pipe_v3_0_5_viv [\xbip_pipe_v3_0_5_viv(c_latency=...]
Compiling architecture rtl of entity floating_point_v7_0_15.delay [\delay(width=2)\]
Compiling architecture fdre_v of entity unisim.FDRE [fdre_default]
Compiling architecture fde_v of entity unisim.FDE [fde_default]
Compiling architecture synth of entity xbip_pipe_v3_0_5.xbip_pipe_v3_0_5_viv [\xbip_pipe_v3_0_5_viv(c_has_ce=1...]
Compiling architecture rtl of entity floating_point_v7_0_15.delay [\delay(width=8,length=0,fast_inp...]
Compiling architecture struct of entity floating_point_v7_0_15.carry_chain [\carry_chain(c_xdevicefamily="sp...]
Compiling architecture synth of entity xbip_pipe_v3_0_5.xbip_pipe_v3_0_5_viv [\xbip_pipe_v3_0_5_viv(c_latency=...]
Compiling architecture rtl of entity floating_point_v7_0_15.delay [delay_default]
Compiling architecture rtl of entity floating_point_v7_0_15.lead_zero_encode [\lead_zero_encode(c_xdevicefamil...]
Compiling architecture rtl of entity floating_point_v7_0_15.shift_msb_first [\shift_msb_first(a_width=37,resu...]
Compiling architecture synth of entity xbip_pipe_v3_0_5.xbip_pipe_v3_0_5_viv [\xbip_pipe_v3_0_5_viv(c_latency=...]
Compiling architecture rtl of entity floating_point_v7_0_15.delay [\delay(width=8)\]
Compiling architecture synth of entity xbip_pipe_v3_0_5.xbip_pipe_v3_0_5_viv [\xbip_pipe_v3_0_5_viv(c_has_ce=1...]
Compiling architecture rtl of entity floating_point_v7_0_15.delay [\delay(width=8,length=0)\]
Compiling architecture synth of entity xbip_pipe_v3_0_5.xbip_pipe_v3_0_5_viv [\xbip_pipe_v3_0_5_viv(c_has_ce=1...]
Compiling architecture rtl of entity floating_point_v7_0_15.delay [\delay(width=17,length=0)\]
Compiling architecture synth of entity xbip_pipe_v3_0_5.xbip_pipe_v3_0_5_viv [\xbip_pipe_v3_0_5_viv(c_latency=...]
Compiling architecture rtl of entity floating_point_v7_0_15.delay [\delay(width=18)\]
Compiling architecture struct of entity floating_point_v7_0_15.carry_chain [\carry_chain(c_xdevicefamily="sp...]
Compiling architecture synth of entity xbip_pipe_v3_0_5.xbip_pipe_v3_0_5_viv [\xbip_pipe_v3_0_5_viv(c_latency=...]
Compiling architecture rtl of entity floating_point_v7_0_15.delay [\delay(width=19)\]
Compiling architecture struct of entity floating_point_v7_0_15.carry_chain [\carry_chain(c_xdevicefamily="sp...]
Compiling architecture synth of entity xbip_pipe_v3_0_5.xbip_pipe_v3_0_5_viv [\xbip_pipe_v3_0_5_viv(c_has_ce=1...]
Compiling architecture rtl of entity floating_point_v7_0_15.delay [\delay(width=20,length=0)\]
Compiling architecture synth of entity xbip_pipe_v3_0_5.xbip_pipe_v3_0_5_viv [\xbip_pipe_v3_0_5_viv(c_has_ce=1...]
Compiling architecture rtl of entity floating_point_v7_0_15.delay [\delay(width=21,length=0)\]
Compiling architecture synth of entity xbip_pipe_v3_0_5.xbip_pipe_v3_0_5_viv [\xbip_pipe_v3_0_5_viv(c_has_ce=1...]
Compiling architecture rtl of entity floating_point_v7_0_15.delay [\delay(width=38,length=0)\]
Compiling architecture synth of entity xbip_pipe_v3_0_5.xbip_pipe_v3_0_5_viv [\xbip_pipe_v3_0_5_viv(c_has_ce=1...]
Compiling architecture rtl of entity floating_point_v7_0_15.delay [\delay(width=3,length=0)\]
Compiling architecture synth of entity xbip_pipe_v3_0_5.xbip_pipe_v3_0_5_viv [\xbip_pipe_v3_0_5_viv(c_has_ce=1...]
Compiling architecture rtl of entity floating_point_v7_0_15.delay [\delay(width=2,length=0)\]
Compiling architecture struct of entity floating_point_v7_0_15.carry_chain [\carry_chain(c_xdevicefamily="sp...]
Compiling architecture rtl of entity floating_point_v7_0_15.flt_round_bit [\flt_round_bit(c_xdevicefamily="...]
Compiling architecture rtl of entity floating_point_v7_0_15.renorm_and_round_logic [\renorm_and_round_logic(c_xdevic...]
Compiling architecture synth of entity xbip_pipe_v3_0_5.xbip_pipe_v3_0_5_viv [\xbip_pipe_v3_0_5_viv(c_latency=...]
Compiling architecture rtl of entity floating_point_v7_0_15.delay [\delay(length=6)\]
Compiling architecture synth of entity xbip_pipe_v3_0_5.xbip_pipe_v3_0_5_viv [\xbip_pipe_v3_0_5_viv(c_latency=...]
Compiling architecture rtl of entity floating_point_v7_0_15.delay [\delay(length=3)\]
Compiling architecture synth of entity floating_point_v7_0_15.fix_to_flt_conv_exp [\fix_to_flt_conv_exp(c_xdevicefa...]
Compiling architecture synth of entity floating_point_v7_0_15.flt_dec_op [\flt_dec_op(c_xdevicefamily="spa...]
Compiling architecture struct of entity floating_point_v7_0_15.fix_to_flt_conv [\fix_to_flt_conv(c_xdevicefamily...]
Compiling architecture synth of entity xbip_pipe_v3_0_5.xbip_pipe_v3_0_5_viv [\xbip_pipe_v3_0_5_viv(c_latency=...]
Compiling architecture synth of entity xbip_pipe_v3_0_5.xbip_pipe_v3_0_5_viv [\xbip_pipe_v3_0_5_viv(c_has_ce=1...]
Compiling architecture rtl of entity floating_point_v7_0_15.delay [\delay(width=45,length=0)\]
Compiling architecture xilinx of entity floating_point_v7_0_15.floating_point_v7_0_15_viv [\floating_point_v7_0_15_viv(c_xd...]
Compiling architecture synth of entity div_gen_v5_1_14.fixed_to_float [\fixed_to_float(c_xdevicefamily=...]
Compiling architecture synth of entity xbip_pipe_v3_0_5.xbip_pipe_v3_0_5_viv [\xbip_pipe_v3_0_5_viv(c_latency=...]
Compiling architecture synth of entity xbip_pipe_v3_0_5.xbip_pipe_v3_0_5_viv [\xbip_pipe_v3_0_5_viv(c_latency=...]
Compiling architecture synth of entity xbip_pipe_v3_0_5.xbip_pipe_v3_0_5_viv [\xbip_pipe_v3_0_5_viv(c_latency=...]
Compiling architecture synth of entity xbip_pipe_v3_0_5.xbip_pipe_v3_0_5_viv [\xbip_pipe_v3_0_5_viv(c_has_ce=1...]
Compiling architecture synth of entity xbip_pipe_v3_0_5.xbip_pipe_v3_0_5_viv [\xbip_pipe_v3_0_5_viv(c_has_ce=1...]
Compiling architecture synth of entity xbip_pipe_v3_0_5.xbip_pipe_v3_0_5_viv [\xbip_pipe_v3_0_5_viv(c_latency=...]
Compiling architecture synth of entity xbip_pipe_v3_0_5.xbip_pipe_v3_0_5_viv [\xbip_pipe_v3_0_5_viv(c_latency=...]
Compiling architecture synth of entity xbip_pipe_v3_0_5.xbip_pipe_v3_0_5_viv [\xbip_pipe_v3_0_5_viv(c_has_ce=1...]
Compiling architecture synth of entity xbip_pipe_v3_0_5.xbip_pipe_v3_0_5_viv [\xbip_pipe_v3_0_5_viv(c_latency=...]
Compiling architecture synth of entity xbip_pipe_v3_0_5.xbip_pipe_v3_0_5_viv [\xbip_pipe_v3_0_5_viv(c_has_ce=1...]
Compiling architecture synth of entity xbip_pipe_v3_0_5.xbip_pipe_v3_0_5_viv [\xbip_pipe_v3_0_5_viv(c_latency=...]
Compiling architecture synth of entity xbip_pipe_v3_0_5.xbip_pipe_v3_0_5_viv [\xbip_pipe_v3_0_5_viv(c_latency=...]
Compiling architecture synth of entity div_gen_v5_1_14.prenormalizer [\prenormalizer(c_xdevicefamily="...]
Compiling architecture synth of entity div_gen_v5_1_14.flow_ctrl [\flow_ctrl(c_xdevicefamily="spar...]
Compiling architecture synth of entity xbip_pipe_v3_0_5.xbip_pipe_v3_0_5_viv [\xbip_pipe_v3_0_5_viv(c_latency=...]
Compiling architecture rb18_internal_vhdl_v of entity unisim.RB18_INTERNAL_VHDL [\RB18_INTERNAL_VHDL(bram_size=18...]
Compiling architecture ramb18e1_v of entity unisim.RAMB18E1 [\RAMB18E1(doa_reg=1,dob_reg=1,in...]
Compiling architecture ramb16_v of entity unisim.RAMB16 [\RAMB16(doa_reg=1,dob_reg=1,init...]
Compiling architecture synth of entity xbip_pipe_v3_0_5.xbip_pipe_v3_0_5_viv [\xbip_pipe_v3_0_5_viv(c_has_ce=1...]
Compiling architecture synth of entity xbip_bram18k_v3_0_5.xbip_bram18k_synth [\xbip_bram18k_synth(c_xdevicefam...]
Compiling architecture synth of entity xbip_bram18k_v3_0_5.xbip_bram18k_v3_0_5_viv [\xbip_bram18k_v3_0_5_viv(c_xdevi...]
Compiling architecture synth of entity xbip_pipe_v3_0_5.xbip_pipe_v3_0_5_viv [\xbip_pipe_v3_0_5_viv(c_latency=...]
Compiling architecture synth of entity xbip_pipe_v3_0_5.xbip_pipe_v3_0_5_viv [\xbip_pipe_v3_0_5_viv(c_latency=...]
Compiling architecture dsp48e1_v of entity unisim.DSP48E1 [\DSP48E1(adreg=0,carryinselreg=0...]
Compiling architecture synth of entity xbip_dsp48_wrapper_v3_0_4.xbip_dsp48e1_wrapper_v3_0 [\xbip_dsp48e1_wrapper_v3_0(areg=...]
Compiling architecture synth of entity xbip_dsp48_multadd_v3_0_5.xbip_dsp48_multadd_synth [\xbip_dsp48_multadd_synth(c_xdev...]
Compiling architecture synth of entity xbip_dsp48_multadd_v3_0_5.xbip_dsp48_multadd_v3_0_5_viv [\xbip_dsp48_multadd_v3_0_5_viv(c...]
Compiling architecture synth of entity div_gen_v5_1_14.estimator [\estimator(c_xdevicefamily="spar...]
Compiling architecture synth of entity xbip_pipe_v3_0_5.xbip_pipe_v3_0_5_viv [\xbip_pipe_v3_0_5_viv(c_latency=...]
Compiling architecture synth of entity xbip_pipe_v3_0_5.xbip_pipe_v3_0_5_viv [\xbip_pipe_v3_0_5_viv(c_latency=...]
Compiling architecture xilinx of entity mult_gen_v12_0_14.delay_line [\delay_line(c_xdevicefamily="spa...]
Compiling architecture xilinx of entity mult_gen_v12_0_14.delay_line [\delay_line(c_xdevicefamily="spa...]
Compiling architecture dsp48e1_v of entity unisim.DSP48E1 [\DSP48E1(alumodereg=0,carryinreg...]
Compiling architecture xilinx of entity mult_gen_v12_0_14.delay_line [\delay_line(c_xdevicefamily="spa...]
Compiling architecture xilinx of entity mult_gen_v12_0_14.op_resize [\op_resize(ai_width=38,bi_width=...]
Compiling architecture xilinx of entity mult_gen_v12_0_14.dsp [\dsp(c_xdevicefamily="spartan7",...]
Compiling architecture xilinx of entity mult_gen_v12_0_14.mult_gen_v12_0_14_viv [\mult_gen_v12_0_14_viv(c_verbosi...]
Compiling architecture synth of entity xbip_pipe_v3_0_5.xbip_pipe_v3_0_5_viv [\xbip_pipe_v3_0_5_viv(c_latency=...]
Compiling architecture synth of entity xbip_pipe_v3_0_5.xbip_pipe_v3_0_5_viv [\xbip_pipe_v3_0_5_viv(c_latency=...]
Compiling architecture synth of entity xbip_pipe_v3_0_5.xbip_pipe_v3_0_5_viv [\xbip_pipe_v3_0_5_viv(c_latency=...]
Compiling architecture synth of entity xbip_pipe_v3_0_5.xbip_pipe_v3_0_5_viv [\xbip_pipe_v3_0_5_viv(c_latency=...]
Compiling architecture synth of entity xbip_pipe_v3_0_5.xbip_pipe_v3_0_5_viv [\xbip_pipe_v3_0_5_viv(c_latency=...]
Compiling architecture synth of entity xbip_pipe_v3_0_5.xbip_pipe_v3_0_5_viv [\xbip_pipe_v3_0_5_viv(c_latency=...]
Compiling architecture synth of entity xbip_pipe_v3_0_5.xbip_pipe_v3_0_5_viv [\xbip_pipe_v3_0_5_viv(c_latency=...]
Compiling architecture dsp48e1_v of entity unisim.DSP48E1 [\DSP48E1(adreg=0,dreg=0,inmodere...]
Compiling architecture synth of entity xbip_dsp48_wrapper_v3_0_4.xbip_dsp48e1_wrapper_v3_0 [\xbip_dsp48e1_wrapper_v3_0(areg=...]
Compiling architecture synth of entity xbip_dsp48_addsub_v3_0_5.xbip_dsp48_addsub_synth [\xbip_dsp48_addsub_synth(c_xdevi...]
Compiling architecture synth of entity xbip_dsp48_addsub_v3_0_5.xbip_dsp48_addsub_v3_0_5_viv [\xbip_dsp48_addsub_v3_0_5_viv(c_...]
Compiling architecture synth of entity xbip_dsp48_multadd_v3_0_5.xbip_dsp48_multadd_synth [\xbip_dsp48_multadd_synth(c_xdev...]
Compiling architecture synth of entity xbip_dsp48_multadd_v3_0_5.xbip_dsp48_multadd_v3_0_5_viv [\xbip_dsp48_multadd_v3_0_5_viv(c...]
Compiling architecture synth of entity xbip_pipe_v3_0_5.xbip_pipe_v3_0_5_viv [\xbip_pipe_v3_0_5_viv(c_latency=...]
Compiling architecture synth of entity xbip_pipe_v3_0_5.xbip_pipe_v3_0_5_viv [\xbip_pipe_v3_0_5_viv(c_latency=...]
Compiling architecture synth of entity xbip_pipe_v3_0_5.xbip_pipe_v3_0_5_viv [\xbip_pipe_v3_0_5_viv(c_latency=...]
Compiling architecture synth of entity xbip_pipe_v3_0_5.xbip_pipe_v3_0_5_viv [\xbip_pipe_v3_0_5_viv(c_latency=...]
Compiling architecture synth of entity xbip_pipe_v3_0_5.xbip_pipe_v3_0_5_viv [\xbip_pipe_v3_0_5_viv(c_latency=...]
Compiling architecture synth of entity xbip_pipe_v3_0_5.xbip_pipe_v3_0_5_viv [\xbip_pipe_v3_0_5_viv(c_latency=...]
Compiling architecture synth of entity xbip_pipe_v3_0_5.xbip_pipe_v3_0_5_viv [\xbip_pipe_v3_0_5_viv(c_latency=...]
Compiling architecture synth of entity div_gen_v5_1_14.iterative_unit [\iterative_unit(c_xdevicefamily=...]
Compiling architecture synth of entity xbip_pipe_v3_0_5.xbip_pipe_v3_0_5_viv [\xbip_pipe_v3_0_5_viv(c_latency=...]
Compiling architecture synth of entity xbip_pipe_v3_0_5.xbip_pipe_v3_0_5_viv [\xbip_pipe_v3_0_5_viv(c_latency=...]
Compiling architecture synth of entity xbip_dsp48_addsub_v3_0_5.xbip_dsp48_addsub_synth [\xbip_dsp48_addsub_synth(c_xdevi...]
Compiling architecture synth of entity xbip_dsp48_addsub_v3_0_5.xbip_dsp48_addsub_v3_0_5_viv [\xbip_dsp48_addsub_v3_0_5_viv(c_...]
Compiling architecture synth of entity xbip_pipe_v3_0_5.xbip_pipe_v3_0_5_viv [\xbip_pipe_v3_0_5_viv(c_latency=...]
Compiling architecture synth of entity xbip_dsp48_addsub_v3_0_5.xbip_dsp48_addsub_synth [\xbip_dsp48_addsub_synth(c_xdevi...]
Compiling architecture synth of entity xbip_dsp48_addsub_v3_0_5.xbip_dsp48_addsub_v3_0_5_viv [\xbip_dsp48_addsub_v3_0_5_viv(c_...]
Compiling architecture synth of entity xbip_pipe_v3_0_5.xbip_pipe_v3_0_5_viv [\xbip_pipe_v3_0_5_viv(c_latency=...]
Compiling architecture synth of entity div_gen_v5_1_14.quot_addsub [\quot_addsub(c_xdevicefamily="sp...]
Compiling architecture synth of entity div_gen_v5_1_14.quotient_collector [\quotient_collector(c_xdevicefam...]
Compiling architecture synth of entity div_gen_v5_1_14.hrdiv_viv [\hrdiv_viv(c_xdevicefamily="spar...]
Compiling architecture synth of entity div_gen_v5_1_14.div_gen_synth [\div_gen_synth(c_xdevicefamily="...]
Compiling architecture synth of entity xbip_pipe_v3_0_5.xbip_pipe_v3_0_5_viv [\xbip_pipe_v3_0_5_viv(c_latency=...]
Compiling architecture synth of entity div_gen_v5_1_14.div_gen_v5_1_14_viv [\div_gen_v5_1_14_viv(c_xdevicefa...]
Compiling architecture xilinx of entity div_gen_v5_1_14.div_gen_v5_1_14 [\div_gen_v5_1_14(c_xdevicefamily...]
Compiling architecture div_s50_s36_lat34_arch of entity xil_defaultlib.div_s50_s36_lat34 [div_s50_s36_lat34_default]
Compiling architecture rtl of entity xil_defaultlib.next_ec_engine [next_ec_engine_default]
Compiling architecture rtl of entity xil_defaultlib.SM_alg_server [sm_alg_server_default]
Compiling architecture bhe of entity xil_defaultlib.sm_alg_server_tb
Built simulation snapshot SM_alg_server_TB_behav
