#-----------------------------------------------------------
# Vivado v2019.1 (64-bit)
# SW Build 2552052 on Fri May 24 14:49:42 MDT 2019
# IP Build 2548770 on Fri May 24 18:01:18 MDT 2019
# Start of session at: Mon May  3 09:11:20 2021
# Process ID: 16424
# Current directory: D:/MW/RTT/VVD/S/S_7-Pastrocchi/S_7/S7
# Command line: vivado.exe -gui_launcher_event rodinguilauncherevent5932 D:\MW\RTT\VVD\S\S_7-Pastrocchi\S_7\S7\S7.xpr
# Log file: D:/MW/RTT/VVD/S/S_7-Pastrocchi/S_7/S7/vivado.log
# Journal file: D:/MW/RTT/VVD/S/S_7-Pastrocchi/S_7/S7\vivado.jou
#-----------------------------------------------------------
start_gui
open_project D:/MW/RTT/VVD/S/S_7-Pastrocchi/S_7/S7/S7.xpr
Scanning sources...
Finished scanning sources
INFO: [IP_Flow 19-234] Refreshing IP repositories
INFO: [IP_Flow 19-1700] Loaded user IP repository 'd:/MW/RTT/VVD/S/S_7-Pastrocchi/S_7/repo'.
INFO: [IP_Flow 19-2313] Loaded Vivado IP repository 'C:/Eda_Tools/Xilinx/Vivado/2019.1/data/ip'.
open_project: Time (s): cpu = 00:00:19 ; elapsed = 00:00:21 . Memory (MB): peak = 969.828 ; gain = 276.738
update_compile_order -fileset sources_1
open_hw
INFO: [Labtools 27-2285] Connecting to hw_server url TCP:localhost:3121
INFO: [Labtools 27-2222] Launching hw_server...
INFO: [Labtools 27-2221] Launch Output:

****** Xilinx hw_server v2019.1
  **** Build date : May 24 2019 at 15:13:31
    ** Copyright 1986-2019 Xilinx, Inc. All Rights Reserved.


connect_hw_server: Time (s): cpu = 00:00:01 ; elapsed = 00:00:12 . Memory (MB): peak = 1476.043 ; gain = 18.277
ERROR: [Labtools 27-2269] No devices detected on target localhost:3121/xilinx_tcf/Xilinx/000015de631101.
Check cable connectivity and that the target board is powered up then
use the disconnect_hw_server and connect_hw_server to re-register this hardware target.
ERROR: [Labtools 27-2269] No devices detected on target localhost:3121/xilinx_tcf/Xilinx/000015de631101.
Check cable connectivity and that the target board is powered up then
use the disconnect_hw_server and connect_hw_server to re-register this hardware target.
ERROR: [Labtools 27-2269] No devices detected on target localhost:3121/xilinx_tcf/Xilinx/000015de631101.
Check cable connectivity and that the target board is powered up then
use the disconnect_hw_server and connect_hw_server to re-register this hardware target.
ERROR: [Labtools 27-2269] No devices detected on target localhost:3121/xilinx_tcf/Xilinx/000015de631101.
Check cable connectivity and that the target board is powered up then
use the disconnect_hw_server and connect_hw_server to re-register this hardware target.
INFO: [Labtools 27-2285] Connecting to hw_server url TCP:localhost:3121
INFO: [Labtools 27-2222] Launching hw_server...
INFO: [Labtools 27-2221] Launch Output:

****** Xilinx hw_server v2019.1
  **** Build date : May 24 2019 at 15:13:31
    ** Copyright 1986-2019 Xilinx, Inc. All Rights Reserved.


connect_hw_server: Time (s): cpu = 00:00:02 ; elapsed = 00:00:11 . Memory (MB): peak = 2606.926 ; gain = 0.000
connect_hw_server -url localhost:3121
INFO: [Labtools 27-2285] Connecting to hw_server url TCP:localhost:3121
current_hw_target [get_hw_targets */xilinx_tcf/Xilinx/000015de631101]
set_property PARAM.FREQUENCY 6000000 [get_hw_targets */xilinx_tcf/Xilinx/000015de631101]
open_hw_target
INFO: [Labtoolstcl 44-466] Opening hw_target localhost:3121/xilinx_tcf/Xilinx/000015de631101
set_property PROGRAM.FILE {D:/MW/RTT/VVD/S/S_7-Pastrocchi/S_7/S7/S7.runs/impl_1/S7_wrapper.bit} [get_hw_devices xc7s100_0]
set_property PROBES.FILE {D:/MW/RTT/VVD/S/S_7-Pastrocchi/S_7/S7/S7.runs/impl_1/S7_wrapper.ltx} [get_hw_devices xc7s100_0]
set_property FULL_PROBES.FILE {D:/MW/RTT/VVD/S/S_7-Pastrocchi/S_7/S7/S7.runs/impl_1/S7_wrapper.ltx} [get_hw_devices xc7s100_0]
current_hw_device [get_hw_devices xc7s100_0]
refresh_hw_device [lindex [get_hw_devices xc7s100_0] 0]
INFO: [Labtools 27-1435] Device xc7s100 (JTAG device index = 0) is not programmed (DONE status = 0).
create_hw_cfgmem -hw_device [get_hw_devices xc7s100_0] -mem_dev [lindex [get_cfgmem_parts {mt25ql256-spi-x1_x2_x4}] 0]
set_property PROBES.FILE {D:/MW/RTT/VVD/S/S_7-Pastrocchi/S_7/S7/S7.runs/impl_1/S7_wrapper.ltx} [get_hw_devices xc7s100_0]
set_property FULL_PROBES.FILE {D:/MW/RTT/VVD/S/S_7-Pastrocchi/S_7/S7/S7.runs/impl_1/S7_wrapper.ltx} [get_hw_devices xc7s100_0]
set_property PROGRAM.FILE {D:/MW/RTT/VVD/S/S_7-Pastrocchi/S_7/S7/S7.runs/impl_1/S7_wrapper.bit} [get_hw_devices xc7s100_0]
program_hw_devices [get_hw_devices xc7s100_0]
INFO: [Labtools 27-3164] End of startup status: HIGH
program_hw_devices: Time (s): cpu = 00:00:09 ; elapsed = 00:00:09 . Memory (MB): peak = 2651.559 ; gain = 0.000
refresh_hw_device [lindex [get_hw_devices xc7s100_0] 0]
INFO: [Labtools 27-2302] Device xc7s100 (JTAG device index = 0) is programmed with a design that has 2 ILA core(s).
display_hw_ila_data [ get_hw_ila_data hw_ila_data_1 -of_objects [get_hw_ilas -of_objects [get_hw_devices xc7s100_0] -filter {CELL_NAME=~"S7_i/system_ila_0/U0/ila_lib"}]]
Processed interface axis_data_fifo_0_M_AXIS_ila1_slot0
Processed interface AXI4_Stream_Inverter_0_M00_AXIS_ila1_slot1
display_hw_ila_data [ get_hw_ila_data hw_ila_data_2 -of_objects [get_hw_ilas -of_objects [get_hw_devices xc7s100_0] -filter {CELL_NAME=~"u_ila_0"}]]
ERROR: [Labtoolstcl 44-513] HW Target shutdown. Closing target: localhost:3121/xilinx_tcf/Xilinx/000015de631101
exit
INFO: [Common 17-206] Exiting Vivado at Mon May  3 15:19:46 2021...
