Vivado Simulator 2018.3
Copyright 1986-1999, 2001-2018 Xilinx, Inc. All Rights Reserved.
Running: C:/Eda_Tools/Xilinx/Vivado/2018.3/bin/unwrapped/win64.o/xelab.exe -wto 87c6d035be1e436a85b94a5ab00971d6 --incr --debug typical --relax --mt 2 -L xil_defaultlib -L secureip --snapshot SOL_ctrl_TB_behav xil_defaultlib.SOL_ctrl_TB -log elaborate.log 
Using 2 slave threads.
Starting static elaboration
Completed static elaboration
Starting simulation data flow analysis
Completed simulation data flow analysis
Time Resolution for simulation is 1ps
Compiling package std.standard
Compiling package std.textio
Compiling package ieee.std_logic_1164
Compiling package ieee.std_logic_arith
Compiling package ieee.std_logic_unsigned
Compiling package ieee.numeric_std
Compiling package unisim.vcomponents
Compiling architecture bhe of entity xil_defaultlib.SOL_ctrl_TESTER [sol_ctrl_tester_default]
Compiling architecture rtl of entity xil_defaultlib.SOL_ctrl_real [sol_ctrl_real_default]
Compiling architecture rtl of entity xil_defaultlib.SOL_ctrl [sol_ctrl_default]
Compiling architecture bhe of entity xil_defaultlib.sol_ctrl_tb
Built simulation snapshot SOL_ctrl_TB_behav
